Performing C SOURCE FILE Test CMAKE_HAVE_LIBC_PTHREAD failed with the following output:
Change Dir: /home/hexaminate/Documents/HEXAMINATE/library/telegram_client/tdlib/android/tddroid/build-folder/build-armeabi-v7a/CMakeFiles/CMakeTmp

Run Build Command(s):/usr/bin/ninja cmTC_8e952 && [1/2] Building C object CMakeFiles/cmTC_8e952.dir/src.c.o
/home/hexaminate/Documents/HEXAMINATE/library/telegram_client/tdlib/android/tddroid/build-folder/build-armeabi-v7a/CMakeFiles/CMakeTmp/src.c:13:3: warning: implicit declaration of function 'pthread_cancel' is invalid in C99 [-Wimplicit-function-declaration]
  pthread_cancel(thread);
  ^
1 warning generated.
[2/2] Linking C executable cmTC_8e952
FAILED: cmTC_8e952 
: && /home/hexaminate/Android/Sdk/ndk/24.0.8215888/toolchains/llvm/prebuilt/linux-x86_64/bin/clang --target=armv7-none-linux-androideabi19 --sysroot=/home/hexaminate/Android/Sdk/ndk/24.0.8215888/toolchains/llvm/prebuilt/linux-x86_64/sysroot -DANDROID -fdata-sections -ffunction-sections -funwind-tables -fstack-protector-strong -no-canonical-prefixes -D_FORTIFY_SOURCE=2 -march=armv7-a -mthumb -Wformat -Werror=format-security -fexceptions  -O2 -g -DNDEBUG -Wl,--build-id=sha1 -Wl,--no-rosegment -Wl,--fatal-warnings -Qunused-arguments -Wl,--no-undefined  -Wl,--gc-sections CMakeFiles/cmTC_8e952.dir/src.c.o -o cmTC_8e952  -latomic -lm && :
ld: error: undefined symbol: pthread_cancel
>>> referenced by src.c:13
>>>               CMakeFiles/cmTC_8e952.dir/src.c.o:(main)
clang: error: linker command failed with exit code 1 (use -v to see invocation)
ninja: build stopped: subcommand failed.


Source file was:
#include <pthread.h>

static void* test_func(void* data)
{
  return data;
}

int main(void)
{
  pthread_t thread;
  pthread_create(&thread, NULL, test_func, NULL);
  pthread_detach(thread);
  pthread_cancel(thread);
  pthread_join(thread, NULL);
  pthread_atfork(NULL, NULL, NULL);
  pthread_exit(NULL);

  return 0;
}

Performing C++ SOURCE FILE Test HAVE_CXX_FLAG_WIMPLICIT_FALLTHROUGH_2 failed with the following output:
Change Dir: /home/hexaminate/Documents/HEXAMINATE/library/telegram_client/tdlib/android/tddroid/build-folder/build-armeabi-v7a/CMakeFiles/CMakeTmp

Run Build Command(s):/usr/bin/ninja cmTC_b560b && [1/2] Building CXX object CMakeFiles/cmTC_b560b.dir/src.cxx.o
warning: unknown warning option '-Wimplicit-fallthrough=2'; did you mean '-Wimplicit-fallthrough'? [-Wunknown-warning-option]
warning: unknown warning option '-Wimplicit-fallthrough=2'; did you mean '-Wimplicit-fallthrough'? [-Wunknown-warning-option]
2 warnings generated.
[2/2] Linking CXX executable cmTC_b560b


Source file was:
int main() { return 0; }
Performing C++ SOURCE FILE Test HAVE_CXX_FLAG_WDUPLICATED_BRANCHES failed with the following output:
Change Dir: /home/hexaminate/Documents/HEXAMINATE/library/telegram_client/tdlib/android/tddroid/build-folder/build-armeabi-v7a/CMakeFiles/CMakeTmp

Run Build Command(s):/usr/bin/ninja cmTC_be5aa && [1/2] Building CXX object CMakeFiles/cmTC_be5aa.dir/src.cxx.o
warning: unknown warning option '-Wduplicated-branches' [-Wunknown-warning-option]
warning: unknown warning option '-Wduplicated-branches' [-Wunknown-warning-option]
2 warnings generated.
[2/2] Linking CXX executable cmTC_be5aa


Source file was:
int main() { return 0; }
Performing C++ SOURCE FILE Test HAVE_CXX_FLAG_WDUPLICATED_COND failed with the following output:
Change Dir: /home/hexaminate/Documents/HEXAMINATE/library/telegram_client/tdlib/android/tddroid/build-folder/build-armeabi-v7a/CMakeFiles/CMakeTmp

Run Build Command(s):/usr/bin/ninja cmTC_096f0 && [1/2] Building CXX object CMakeFiles/cmTC_096f0.dir/src.cxx.o
warning: unknown warning option '-Wduplicated-cond' [-Wunknown-warning-option]
warning: unknown warning option '-Wduplicated-cond' [-Wunknown-warning-option]
2 warnings generated.
[2/2] Linking CXX executable cmTC_096f0


Source file was:
int main() { return 0; }
Performing C++ SOURCE FILE Test HAVE_CXX_FLAG_WALLOC_ZERO failed with the following output:
Change Dir: /home/hexaminate/Documents/HEXAMINATE/library/telegram_client/tdlib/android/tddroid/build-folder/build-armeabi-v7a/CMakeFiles/CMakeTmp

Run Build Command(s):/usr/bin/ninja cmTC_cd9c2 && [1/2] Building CXX object CMakeFiles/cmTC_cd9c2.dir/src.cxx.o
warning: unknown warning option '-Walloc-zero'; did you mean '-Walloca'? [-Wunknown-warning-option]
warning: unknown warning option '-Walloc-zero'; did you mean '-Walloca'? [-Wunknown-warning-option]
2 warnings generated.
[2/2] Linking CXX executable cmTC_cd9c2


Source file was:
int main() { return 0; }
Performing C++ SOURCE FILE Test HAVE_CXX_FLAG_WLOGICAL_OP failed with the following output:
Change Dir: /home/hexaminate/Documents/HEXAMINATE/library/telegram_client/tdlib/android/tddroid/build-folder/build-armeabi-v7a/CMakeFiles/CMakeTmp

Run Build Command(s):/usr/bin/ninja cmTC_c773e && [1/2] Building CXX object CMakeFiles/cmTC_c773e.dir/src.cxx.o
warning: unknown warning option '-Wlogical-op'; did you mean '-Wlong-long'? [-Wunknown-warning-option]
warning: unknown warning option '-Wlogical-op'; did you mean '-Wlong-long'? [-Wunknown-warning-option]
2 warnings generated.
[2/2] Linking CXX executable cmTC_c773e


Source file was:
int main() { return 0; }
Performing C++ SOURCE FILE Test HAVE_CXX_FLAG_FLTO_ODR_TYPE_MERGING failed with the following output:
Change Dir: /home/hexaminate/Documents/HEXAMINATE/library/telegram_client/tdlib/android/tddroid/build-folder/build-armeabi-v7a/CMakeFiles/CMakeTmp

Run Build Command(s):/usr/bin/ninja cmTC_62b8a && [1/2] Building CXX object CMakeFiles/cmTC_62b8a.dir/src.cxx.o
FAILED: CMakeFiles/cmTC_62b8a.dir/src.cxx.o 
/home/hexaminate/Android/Sdk/ndk/24.0.8215888/toolchains/llvm/prebuilt/linux-x86_64/bin/clang++ --target=armv7-none-linux-androideabi19 --sysroot=/home/hexaminate/Android/Sdk/ndk/24.0.8215888/toolchains/llvm/prebuilt/linux-x86_64/sysroot -DHAVE_CXX_FLAG_FLTO_ODR_TYPE_MERGING  -DANDROID -fdata-sections -ffunction-sections -funwind-tables -fstack-protector-strong -no-canonical-prefixes -D_FORTIFY_SOURCE=2 -march=armv7-a -mthumb -Wformat -Werror=format-security -fexceptions -frtti -stdlib=libc++ -pthread -std=c++14 -fno-omit-frame-pointer -fno-exceptions -fno-rtti -ffunction-sections -fdata-sections -Wall -Wextra -Wpointer-arith -Wcast-qual -Wsign-compare -Wno-tautological-compare -Wpointer-arith -Wvla -Wnon-virtual-dtor -Wno-unused-parameter -Wconversion -Wno-sign-conversion -Wc++14-compat-pedantic -Wdeprecated -Wno-unused-command-line-argument -Qunused-arguments -Wodr -flto-odr-type-merging -O2 -g -DNDEBUG -fPIE   -flto-odr-type-merging -MD -MT CMakeFiles/cmTC_62b8a.dir/src.cxx.o -MF CMakeFiles/cmTC_62b8a.dir/src.cxx.o.d -o CMakeFiles/cmTC_62b8a.dir/src.cxx.o -c /home/hexaminate/Documents/HEXAMINATE/library/telegram_client/tdlib/android/tddroid/build-folder/build-armeabi-v7a/CMakeFiles/CMakeTmp/src.cxx
clang++: error: unknown argument: '-flto-odr-type-merging'
clang++: error: unknown argument: '-flto-odr-type-merging'
ninja: build stopped: subcommand failed.


Source file was:
int main() { return 0; }
