The target system is: Android - 21 - aarch64
The host system is: Linux - 5.15.0-35-generic - x86_64
Compiling the C compiler identification source file "CMakeCCompilerId.c" succeeded.
Compiler: /home/hexaminate/Android/Sdk/ndk/24.0.8215888/toolchains/llvm/prebuilt/linux-x86_64/bin/clang 
Build flags: 
Id flags: -c;--target=aarch64-none-linux-android21 

The output was:
0


Compilation of the C compiler identification source "CMakeCCompilerId.c" produced "CMakeCCompilerId.o"

The C compiler identification is Clang, found in "/home/hexaminate/Documents/HEXAMINATE/library/telegram_client/tdlib/android/tddroid/build-folder/build-arm64-v8a/CMakeFiles/3.22.1/CompilerIdC/CMakeCCompilerId.o"

Compiling the CXX compiler identification source file "CMakeCXXCompilerId.cpp" succeeded.
Compiler: /home/hexaminate/Android/Sdk/ndk/24.0.8215888/toolchains/llvm/prebuilt/linux-x86_64/bin/clang++ 
Build flags: 
Id flags: -c;--target=aarch64-none-linux-android21 

The output was:
0


Compilation of the CXX compiler identification source "CMakeCXXCompilerId.cpp" produced "CMakeCXXCompilerId.o"

The CXX compiler identification is Clang, found in "/home/hexaminate/Documents/HEXAMINATE/library/telegram_client/tdlib/android/tddroid/build-folder/build-arm64-v8a/CMakeFiles/3.22.1/CompilerIdCXX/CMakeCXXCompilerId.o"

Detecting C compiler ABI info compiled with the following output:
Change Dir: /home/hexaminate/Documents/HEXAMINATE/library/telegram_client/tdlib/android/tddroid/build-folder/build-arm64-v8a/CMakeFiles/CMakeTmp

Run Build Command(s):/usr/bin/ninja cmTC_0adde && [1/2] Building C object CMakeFiles/cmTC_0adde.dir/CMakeCCompilerABI.c.o
Android (8075178, based on r437112b) clang version 14.0.1 (https://android.googlesource.com/toolchain/llvm-project 8671348b81b95fc603505dfc881b45103bee1731)
Target: aarch64-none-linux-android21
Thread model: posix
InstalledDir: /home/hexaminate/Android/Sdk/ndk/24.0.8215888/toolchains/llvm/prebuilt/linux-x86_64/bin
 (in-process)
 "/home/hexaminate/Android/Sdk/ndk/24.0.8215888/toolchains/llvm/prebuilt/linux-x86_64/bin/clang" -cc1 -triple aarch64-none-linux-android21 -emit-obj --mrelax-relocations -mnoexecstack -disable-free -disable-llvm-verifier -discard-value-names -main-file-name CMakeCCompilerABI.c -mrelocation-model pic -pic-level 2 -pic-is-pie -mframe-pointer=non-leaf -fno-rounding-math -mconstructor-aliases -munwind-tables -target-cpu generic -target-feature +neon -target-abi aapcs -mllvm -aarch64-fix-cortex-a53-835769=1 -fallow-half-arguments-and-returns -debug-info-kind=constructor -dwarf-version=4 -debugger-tuning=gdb -v -ffunction-sections -fdata-sections -fcoverage-compilation-dir=/home/hexaminate/Documents/HEXAMINATE/library/telegram_client/tdlib/android/tddroid/build-folder/build-arm64-v8a/CMakeFiles/CMakeTmp -resource-dir /home/hexaminate/Android/Sdk/ndk/24.0.8215888/toolchains/llvm/prebuilt/linux-x86_64/lib64/clang/14.0.1 -dependency-file CMakeFiles/cmTC_0adde.dir/CMakeCCompilerABI.c.o.d -MT CMakeFiles/cmTC_0adde.dir/CMakeCCompilerABI.c.o -sys-header-deps -D ANDROID -D _FORTIFY_SOURCE=2 -D NDEBUG -isysroot /home/hexaminate/Android/Sdk/ndk/24.0.8215888/toolchains/llvm/prebuilt/linux-x86_64/sysroot -internal-isystem /home/hexaminate/Android/Sdk/ndk/24.0.8215888/toolchains/llvm/prebuilt/linux-x86_64/lib64/clang/14.0.1/include -internal-isystem /home/hexaminate/Android/Sdk/ndk/24.0.8215888/toolchains/llvm/prebuilt/linux-x86_64/sysroot/usr/local/include -internal-externc-isystem /home/hexaminate/Android/Sdk/ndk/24.0.8215888/toolchains/llvm/prebuilt/linux-x86_64/sysroot/usr/include/aarch64-linux-android -internal-externc-isystem /home/hexaminate/Android/Sdk/ndk/24.0.8215888/toolchains/llvm/prebuilt/linux-x86_64/sysroot/include -internal-externc-isystem /home/hexaminate/Android/Sdk/ndk/24.0.8215888/toolchains/llvm/prebuilt/linux-x86_64/sysroot/usr/include -O2 -Wformat -fdebug-compilation-dir=/home/hexaminate/Documents/HEXAMINATE/library/telegram_client/tdlib/android/tddroid/build-folder/build-arm64-v8a/CMakeFiles/CMakeTmp -ferror-limit 19 -stack-protector 2 -fno-signed-char -fgnuc-version=4.2.1 -fexceptions -vectorize-loops -vectorize-slp -target-feature +outline-atomics -D__GCC_HAVE_DWARF2_CFI_ASM=1 -o CMakeFiles/cmTC_0adde.dir/CMakeCCompilerABI.c.o -x c /usr/share/cmake-3.22/Modules/CMakeCCompilerABI.c
clang -cc1 version 14.0.1 based upon LLVM 14.0.1git default target x86_64-unknown-linux-gnu
ignoring nonexistent directory "/home/hexaminate/Android/Sdk/ndk/24.0.8215888/toolchains/llvm/prebuilt/linux-x86_64/sysroot/include"
#include "..." search starts here:
#include <...> search starts here:
 /home/hexaminate/Android/Sdk/ndk/24.0.8215888/toolchains/llvm/prebuilt/linux-x86_64/lib64/clang/14.0.1/include
 /home/hexaminate/Android/Sdk/ndk/24.0.8215888/toolchains/llvm/prebuilt/linux-x86_64/sysroot/usr/local/include
 /home/hexaminate/Android/Sdk/ndk/24.0.8215888/toolchains/llvm/prebuilt/linux-x86_64/sysroot/usr/include/aarch64-linux-android
 /home/hexaminate/Android/Sdk/ndk/24.0.8215888/toolchains/llvm/prebuilt/linux-x86_64/sysroot/usr/include
End of search list.
[2/2] Linking C executable cmTC_0adde
Android (8075178, based on r437112b) clang version 14.0.1 (https://android.googlesource.com/toolchain/llvm-project 8671348b81b95fc603505dfc881b45103bee1731)
Target: aarch64-none-linux-android21
Thread model: posix
InstalledDir: /home/hexaminate/Android/Sdk/ndk/24.0.8215888/toolchains/llvm/prebuilt/linux-x86_64/bin
 "/home/hexaminate/Android/Sdk/ndk/24.0.8215888/toolchains/llvm/prebuilt/linux-x86_64/bin/ld" --sysroot=/home/hexaminate/Android/Sdk/ndk/24.0.8215888/toolchains/llvm/prebuilt/linux-x86_64/sysroot -pie -z noexecstack -EL --fix-cortex-a53-843419 --warn-shared-textrel -z now -z relro -z max-page-size=4096 --hash-style=both --enable-new-dtags --eh-frame-hdr -m aarch64linux -dynamic-linker /system/bin/linker64 -o cmTC_0adde /home/hexaminate/Android/Sdk/ndk/24.0.8215888/toolchains/llvm/prebuilt/linux-x86_64/sysroot/usr/lib/aarch64-linux-android/21/crtbegin_dynamic.o -L/home/hexaminate/Android/Sdk/ndk/24.0.8215888/toolchains/llvm/prebuilt/linux-x86_64/lib64/clang/14.0.1/lib/linux/aarch64 -L/home/hexaminate/Android/Sdk/ndk/24.0.8215888/toolchains/llvm/prebuilt/linux-x86_64/sysroot/usr/lib/aarch64-linux-android/21 -L/home/hexaminate/Android/Sdk/ndk/24.0.8215888/toolchains/llvm/prebuilt/linux-x86_64/sysroot/usr/lib/aarch64-linux-android -L/home/hexaminate/Android/Sdk/ndk/24.0.8215888/toolchains/llvm/prebuilt/linux-x86_64/sysroot/usr/lib --build-id=sha1 --no-rosegment --fatal-warnings --no-undefined --gc-sections CMakeFiles/cmTC_0adde.dir/CMakeCCompilerABI.c.o -latomic -lm /home/hexaminate/Android/Sdk/ndk/24.0.8215888/toolchains/llvm/prebuilt/linux-x86_64/lib64/clang/14.0.1/lib/linux/libclang_rt.builtins-aarch64-android.a -l:libunwind.a -ldl -lc /home/hexaminate/Android/Sdk/ndk/24.0.8215888/toolchains/llvm/prebuilt/linux-x86_64/lib64/clang/14.0.1/lib/linux/libclang_rt.builtins-aarch64-android.a -l:libunwind.a -ldl /home/hexaminate/Android/Sdk/ndk/24.0.8215888/toolchains/llvm/prebuilt/linux-x86_64/sysroot/usr/lib/aarch64-linux-android/21/crtend_android.o



Parsed C implicit include dir info from above output: rv=done
  found start of include info
  found start of implicit include info
    add: [/home/hexaminate/Android/Sdk/ndk/24.0.8215888/toolchains/llvm/prebuilt/linux-x86_64/lib64/clang/14.0.1/include]
    add: [/home/hexaminate/Android/Sdk/ndk/24.0.8215888/toolchains/llvm/prebuilt/linux-x86_64/sysroot/usr/local/include]
    add: [/home/hexaminate/Android/Sdk/ndk/24.0.8215888/toolchains/llvm/prebuilt/linux-x86_64/sysroot/usr/include/aarch64-linux-android]
    add: [/home/hexaminate/Android/Sdk/ndk/24.0.8215888/toolchains/llvm/prebuilt/linux-x86_64/sysroot/usr/include]
  end of search list found
  collapse include dir [/home/hexaminate/Android/Sdk/ndk/24.0.8215888/toolchains/llvm/prebuilt/linux-x86_64/lib64/clang/14.0.1/include] ==> [/home/hexaminate/Android/Sdk/ndk/24.0.8215888/toolchains/llvm/prebuilt/linux-x86_64/lib64/clang/14.0.1/include]
  collapse include dir [/home/hexaminate/Android/Sdk/ndk/24.0.8215888/toolchains/llvm/prebuilt/linux-x86_64/sysroot/usr/local/include] ==> [/home/hexaminate/Android/Sdk/ndk/24.0.8215888/toolchains/llvm/prebuilt/linux-x86_64/sysroot/usr/local/include]
  collapse include dir [/home/hexaminate/Android/Sdk/ndk/24.0.8215888/toolchains/llvm/prebuilt/linux-x86_64/sysroot/usr/include/aarch64-linux-android] ==> [/home/hexaminate/Android/Sdk/ndk/24.0.8215888/toolchains/llvm/prebuilt/linux-x86_64/sysroot/usr/include/aarch64-linux-android]
  collapse include dir [/home/hexaminate/Android/Sdk/ndk/24.0.8215888/toolchains/llvm/prebuilt/linux-x86_64/sysroot/usr/include] ==> [/home/hexaminate/Android/Sdk/ndk/24.0.8215888/toolchains/llvm/prebuilt/linux-x86_64/sysroot/usr/include]
  implicit include dirs: [/home/hexaminate/Android/Sdk/ndk/24.0.8215888/toolchains/llvm/prebuilt/linux-x86_64/lib64/clang/14.0.1/include;/home/hexaminate/Android/Sdk/ndk/24.0.8215888/toolchains/llvm/prebuilt/linux-x86_64/sysroot/usr/local/include;/home/hexaminate/Android/Sdk/ndk/24.0.8215888/toolchains/llvm/prebuilt/linux-x86_64/sysroot/usr/include/aarch64-linux-android;/home/hexaminate/Android/Sdk/ndk/24.0.8215888/toolchains/llvm/prebuilt/linux-x86_64/sysroot/usr/include]


Parsed C implicit link information from above output:
  link line regex: [^( *|.*[/\])(ld\.lld|CMAKE_LINK_STARTFILE-NOTFOUND|([^/\]+-)?ld|collect2)[^/\]*( |$)]
  ignore line: [Change Dir: /home/hexaminate/Documents/HEXAMINATE/library/telegram_client/tdlib/android/tddroid/build-folder/build-arm64-v8a/CMakeFiles/CMakeTmp]
  ignore line: []
  ignore line: [Run Build Command(s):/usr/bin/ninja cmTC_0adde && [1/2] Building C object CMakeFiles/cmTC_0adde.dir/CMakeCCompilerABI.c.o]
  ignore line: [Android (8075178  based on r437112b) clang version 14.0.1 (https://android.googlesource.com/toolchain/llvm-project 8671348b81b95fc603505dfc881b45103bee1731)]
  ignore line: [Target: aarch64-none-linux-android21]
  ignore line: [Thread model: posix]
  ignore line: [InstalledDir: /home/hexaminate/Android/Sdk/ndk/24.0.8215888/toolchains/llvm/prebuilt/linux-x86_64/bin]
  ignore line: [ (in-process)]
  ignore line: [ "/home/hexaminate/Android/Sdk/ndk/24.0.8215888/toolchains/llvm/prebuilt/linux-x86_64/bin/clang" -cc1 -triple aarch64-none-linux-android21 -emit-obj --mrelax-relocations -mnoexecstack -disable-free -disable-llvm-verifier -discard-value-names -main-file-name CMakeCCompilerABI.c -mrelocation-model pic -pic-level 2 -pic-is-pie -mframe-pointer=non-leaf -fno-rounding-math -mconstructor-aliases -munwind-tables -target-cpu generic -target-feature +neon -target-abi aapcs -mllvm -aarch64-fix-cortex-a53-835769=1 -fallow-half-arguments-and-returns -debug-info-kind=constructor -dwarf-version=4 -debugger-tuning=gdb -v -ffunction-sections -fdata-sections -fcoverage-compilation-dir=/home/hexaminate/Documents/HEXAMINATE/library/telegram_client/tdlib/android/tddroid/build-folder/build-arm64-v8a/CMakeFiles/CMakeTmp -resource-dir /home/hexaminate/Android/Sdk/ndk/24.0.8215888/toolchains/llvm/prebuilt/linux-x86_64/lib64/clang/14.0.1 -dependency-file CMakeFiles/cmTC_0adde.dir/CMakeCCompilerABI.c.o.d -MT CMakeFiles/cmTC_0adde.dir/CMakeCCompilerABI.c.o -sys-header-deps -D ANDROID -D _FORTIFY_SOURCE=2 -D NDEBUG -isysroot /home/hexaminate/Android/Sdk/ndk/24.0.8215888/toolchains/llvm/prebuilt/linux-x86_64/sysroot -internal-isystem /home/hexaminate/Android/Sdk/ndk/24.0.8215888/toolchains/llvm/prebuilt/linux-x86_64/lib64/clang/14.0.1/include -internal-isystem /home/hexaminate/Android/Sdk/ndk/24.0.8215888/toolchains/llvm/prebuilt/linux-x86_64/sysroot/usr/local/include -internal-externc-isystem /home/hexaminate/Android/Sdk/ndk/24.0.8215888/toolchains/llvm/prebuilt/linux-x86_64/sysroot/usr/include/aarch64-linux-android -internal-externc-isystem /home/hexaminate/Android/Sdk/ndk/24.0.8215888/toolchains/llvm/prebuilt/linux-x86_64/sysroot/include -internal-externc-isystem /home/hexaminate/Android/Sdk/ndk/24.0.8215888/toolchains/llvm/prebuilt/linux-x86_64/sysroot/usr/include -O2 -Wformat -fdebug-compilation-dir=/home/hexaminate/Documents/HEXAMINATE/library/telegram_client/tdlib/android/tddroid/build-folder/build-arm64-v8a/CMakeFiles/CMakeTmp -ferror-limit 19 -stack-protector 2 -fno-signed-char -fgnuc-version=4.2.1 -fexceptions -vectorize-loops -vectorize-slp -target-feature +outline-atomics -D__GCC_HAVE_DWARF2_CFI_ASM=1 -o CMakeFiles/cmTC_0adde.dir/CMakeCCompilerABI.c.o -x c /usr/share/cmake-3.22/Modules/CMakeCCompilerABI.c]
  ignore line: [clang -cc1 version 14.0.1 based upon LLVM 14.0.1git default target x86_64-unknown-linux-gnu]
  ignore line: [ignoring nonexistent directory "/home/hexaminate/Android/Sdk/ndk/24.0.8215888/toolchains/llvm/prebuilt/linux-x86_64/sysroot/include"]
  ignore line: [#include "..." search starts here:]
  ignore line: [#include <...> search starts here:]
  ignore line: [ /home/hexaminate/Android/Sdk/ndk/24.0.8215888/toolchains/llvm/prebuilt/linux-x86_64/lib64/clang/14.0.1/include]
  ignore line: [ /home/hexaminate/Android/Sdk/ndk/24.0.8215888/toolchains/llvm/prebuilt/linux-x86_64/sysroot/usr/local/include]
  ignore line: [ /home/hexaminate/Android/Sdk/ndk/24.0.8215888/toolchains/llvm/prebuilt/linux-x86_64/sysroot/usr/include/aarch64-linux-android]
  ignore line: [ /home/hexaminate/Android/Sdk/ndk/24.0.8215888/toolchains/llvm/prebuilt/linux-x86_64/sysroot/usr/include]
  ignore line: [End of search list.]
  ignore line: [[2/2] Linking C executable cmTC_0adde]
  ignore line: [Android (8075178  based on r437112b) clang version 14.0.1 (https://android.googlesource.com/toolchain/llvm-project 8671348b81b95fc603505dfc881b45103bee1731)]
  ignore line: [Target: aarch64-none-linux-android21]
  ignore line: [Thread model: posix]
  ignore line: [InstalledDir: /home/hexaminate/Android/Sdk/ndk/24.0.8215888/toolchains/llvm/prebuilt/linux-x86_64/bin]
  link line: [ "/home/hexaminate/Android/Sdk/ndk/24.0.8215888/toolchains/llvm/prebuilt/linux-x86_64/bin/ld" --sysroot=/home/hexaminate/Android/Sdk/ndk/24.0.8215888/toolchains/llvm/prebuilt/linux-x86_64/sysroot -pie -z noexecstack -EL --fix-cortex-a53-843419 --warn-shared-textrel -z now -z relro -z max-page-size=4096 --hash-style=both --enable-new-dtags --eh-frame-hdr -m aarch64linux -dynamic-linker /system/bin/linker64 -o cmTC_0adde /home/hexaminate/Android/Sdk/ndk/24.0.8215888/toolchains/llvm/prebuilt/linux-x86_64/sysroot/usr/lib/aarch64-linux-android/21/crtbegin_dynamic.o -L/home/hexaminate/Android/Sdk/ndk/24.0.8215888/toolchains/llvm/prebuilt/linux-x86_64/lib64/clang/14.0.1/lib/linux/aarch64 -L/home/hexaminate/Android/Sdk/ndk/24.0.8215888/toolchains/llvm/prebuilt/linux-x86_64/sysroot/usr/lib/aarch64-linux-android/21 -L/home/hexaminate/Android/Sdk/ndk/24.0.8215888/toolchains/llvm/prebuilt/linux-x86_64/sysroot/usr/lib/aarch64-linux-android -L/home/hexaminate/Android/Sdk/ndk/24.0.8215888/toolchains/llvm/prebuilt/linux-x86_64/sysroot/usr/lib --build-id=sha1 --no-rosegment --fatal-warnings --no-undefined --gc-sections CMakeFiles/cmTC_0adde.dir/CMakeCCompilerABI.c.o -latomic -lm /home/hexaminate/Android/Sdk/ndk/24.0.8215888/toolchains/llvm/prebuilt/linux-x86_64/lib64/clang/14.0.1/lib/linux/libclang_rt.builtins-aarch64-android.a -l:libunwind.a -ldl -lc /home/hexaminate/Android/Sdk/ndk/24.0.8215888/toolchains/llvm/prebuilt/linux-x86_64/lib64/clang/14.0.1/lib/linux/libclang_rt.builtins-aarch64-android.a -l:libunwind.a -ldl /home/hexaminate/Android/Sdk/ndk/24.0.8215888/toolchains/llvm/prebuilt/linux-x86_64/sysroot/usr/lib/aarch64-linux-android/21/crtend_android.o]
    arg [/home/hexaminate/Android/Sdk/ndk/24.0.8215888/toolchains/llvm/prebuilt/linux-x86_64/bin/ld] ==> ignore
    arg [--sysroot=/home/hexaminate/Android/Sdk/ndk/24.0.8215888/toolchains/llvm/prebuilt/linux-x86_64/sysroot] ==> ignore
    arg [-pie] ==> ignore
    arg [-znoexecstack] ==> ignore
    arg [-EL] ==> ignore
    arg [--fix-cortex-a53-843419] ==> ignore
    arg [--warn-shared-textrel] ==> ignore
    arg [-znow] ==> ignore
    arg [-zrelro] ==> ignore
    arg [-zmax-page-size=4096] ==> ignore
    arg [--hash-style=both] ==> ignore
    arg [--enable-new-dtags] ==> ignore
    arg [--eh-frame-hdr] ==> ignore
    arg [-m] ==> ignore
    arg [aarch64linux] ==> ignore
    arg [-dynamic-linker] ==> ignore
    arg [/system/bin/linker64] ==> ignore
    arg [-o] ==> ignore
    arg [cmTC_0adde] ==> ignore
    arg [/home/hexaminate/Android/Sdk/ndk/24.0.8215888/toolchains/llvm/prebuilt/linux-x86_64/sysroot/usr/lib/aarch64-linux-android/21/crtbegin_dynamic.o] ==> obj [/home/hexaminate/Android/Sdk/ndk/24.0.8215888/toolchains/llvm/prebuilt/linux-x86_64/sysroot/usr/lib/aarch64-linux-android/21/crtbegin_dynamic.o]
    arg [-L/home/hexaminate/Android/Sdk/ndk/24.0.8215888/toolchains/llvm/prebuilt/linux-x86_64/lib64/clang/14.0.1/lib/linux/aarch64] ==> dir [/home/hexaminate/Android/Sdk/ndk/24.0.8215888/toolchains/llvm/prebuilt/linux-x86_64/lib64/clang/14.0.1/lib/linux/aarch64]
    arg [-L/home/hexaminate/Android/Sdk/ndk/24.0.8215888/toolchains/llvm/prebuilt/linux-x86_64/sysroot/usr/lib/aarch64-linux-android/21] ==> dir [/home/hexaminate/Android/Sdk/ndk/24.0.8215888/toolchains/llvm/prebuilt/linux-x86_64/sysroot/usr/lib/aarch64-linux-android/21]
    arg [-L/home/hexaminate/Android/Sdk/ndk/24.0.8215888/toolchains/llvm/prebuilt/linux-x86_64/sysroot/usr/lib/aarch64-linux-android] ==> dir [/home/hexaminate/Android/Sdk/ndk/24.0.8215888/toolchains/llvm/prebuilt/linux-x86_64/sysroot/usr/lib/aarch64-linux-android]
    arg [-L/home/hexaminate/Android/Sdk/ndk/24.0.8215888/toolchains/llvm/prebuilt/linux-x86_64/sysroot/usr/lib] ==> dir [/home/hexaminate/Android/Sdk/ndk/24.0.8215888/toolchains/llvm/prebuilt/linux-x86_64/sysroot/usr/lib]
    arg [--build-id=sha1] ==> ignore
    arg [--no-rosegment] ==> ignore
    arg [--fatal-warnings] ==> ignore
    arg [--no-undefined] ==> ignore
    arg [--gc-sections] ==> ignore
    arg [CMakeFiles/cmTC_0adde.dir/CMakeCCompilerABI.c.o] ==> ignore
    arg [-latomic] ==> lib [atomic]
    arg [-lm] ==> lib [m]
    arg [/home/hexaminate/Android/Sdk/ndk/24.0.8215888/toolchains/llvm/prebuilt/linux-x86_64/lib64/clang/14.0.1/lib/linux/libclang_rt.builtins-aarch64-android.a] ==> lib [/home/hexaminate/Android/Sdk/ndk/24.0.8215888/toolchains/llvm/prebuilt/linux-x86_64/lib64/clang/14.0.1/lib/linux/libclang_rt.builtins-aarch64-android.a]
    arg [-l:libunwind.a] ==> lib [-l:libunwind.a]
    arg [-ldl] ==> lib [dl]
    arg [-lc] ==> lib [c]
    arg [/home/hexaminate/Android/Sdk/ndk/24.0.8215888/toolchains/llvm/prebuilt/linux-x86_64/lib64/clang/14.0.1/lib/linux/libclang_rt.builtins-aarch64-android.a] ==> lib [/home/hexaminate/Android/Sdk/ndk/24.0.8215888/toolchains/llvm/prebuilt/linux-x86_64/lib64/clang/14.0.1/lib/linux/libclang_rt.builtins-aarch64-android.a]
    arg [-l:libunwind.a] ==> lib [-l:libunwind.a]
    arg [-ldl] ==> lib [dl]
    arg [/home/hexaminate/Android/Sdk/ndk/24.0.8215888/toolchains/llvm/prebuilt/linux-x86_64/sysroot/usr/lib/aarch64-linux-android/21/crtend_android.o] ==> obj [/home/hexaminate/Android/Sdk/ndk/24.0.8215888/toolchains/llvm/prebuilt/linux-x86_64/sysroot/usr/lib/aarch64-linux-android/21/crtend_android.o]
  remove lib [/home/hexaminate/Android/Sdk/ndk/24.0.8215888/toolchains/llvm/prebuilt/linux-x86_64/lib64/clang/14.0.1/lib/linux/libclang_rt.builtins-aarch64-android.a]
  remove lib [/home/hexaminate/Android/Sdk/ndk/24.0.8215888/toolchains/llvm/prebuilt/linux-x86_64/lib64/clang/14.0.1/lib/linux/libclang_rt.builtins-aarch64-android.a]
  collapse library dir [/home/hexaminate/Android/Sdk/ndk/24.0.8215888/toolchains/llvm/prebuilt/linux-x86_64/lib64/clang/14.0.1/lib/linux/aarch64] ==> [/home/hexaminate/Android/Sdk/ndk/24.0.8215888/toolchains/llvm/prebuilt/linux-x86_64/lib64/clang/14.0.1/lib/linux/aarch64]
  collapse library dir [/home/hexaminate/Android/Sdk/ndk/24.0.8215888/toolchains/llvm/prebuilt/linux-x86_64/sysroot/usr/lib/aarch64-linux-android/21] ==> [/home/hexaminate/Android/Sdk/ndk/24.0.8215888/toolchains/llvm/prebuilt/linux-x86_64/sysroot/usr/lib/aarch64-linux-android/21]
  collapse library dir [/home/hexaminate/Android/Sdk/ndk/24.0.8215888/toolchains/llvm/prebuilt/linux-x86_64/sysroot/usr/lib/aarch64-linux-android] ==> [/home/hexaminate/Android/Sdk/ndk/24.0.8215888/toolchains/llvm/prebuilt/linux-x86_64/sysroot/usr/lib/aarch64-linux-android]
  collapse library dir [/home/hexaminate/Android/Sdk/ndk/24.0.8215888/toolchains/llvm/prebuilt/linux-x86_64/sysroot/usr/lib] ==> [/home/hexaminate/Android/Sdk/ndk/24.0.8215888/toolchains/llvm/prebuilt/linux-x86_64/sysroot/usr/lib]
  implicit libs: [atomic;m;-l:libunwind.a;dl;c;-l:libunwind.a;dl]
  implicit objs: [/home/hexaminate/Android/Sdk/ndk/24.0.8215888/toolchains/llvm/prebuilt/linux-x86_64/sysroot/usr/lib/aarch64-linux-android/21/crtbegin_dynamic.o;/home/hexaminate/Android/Sdk/ndk/24.0.8215888/toolchains/llvm/prebuilt/linux-x86_64/sysroot/usr/lib/aarch64-linux-android/21/crtend_android.o]
  implicit dirs: [/home/hexaminate/Android/Sdk/ndk/24.0.8215888/toolchains/llvm/prebuilt/linux-x86_64/lib64/clang/14.0.1/lib/linux/aarch64;/home/hexaminate/Android/Sdk/ndk/24.0.8215888/toolchains/llvm/prebuilt/linux-x86_64/sysroot/usr/lib/aarch64-linux-android/21;/home/hexaminate/Android/Sdk/ndk/24.0.8215888/toolchains/llvm/prebuilt/linux-x86_64/sysroot/usr/lib/aarch64-linux-android;/home/hexaminate/Android/Sdk/ndk/24.0.8215888/toolchains/llvm/prebuilt/linux-x86_64/sysroot/usr/lib]
  implicit fwks: []


Detecting CXX compiler ABI info compiled with the following output:
Change Dir: /home/hexaminate/Documents/HEXAMINATE/library/telegram_client/tdlib/android/tddroid/build-folder/build-arm64-v8a/CMakeFiles/CMakeTmp

Run Build Command(s):/usr/bin/ninja cmTC_a3269 && [1/2] Building CXX object CMakeFiles/cmTC_a3269.dir/CMakeCXXCompilerABI.cpp.o
Android (8075178, based on r437112b) clang version 14.0.1 (https://android.googlesource.com/toolchain/llvm-project 8671348b81b95fc603505dfc881b45103bee1731)
Target: aarch64-none-linux-android21
Thread model: posix
InstalledDir: /home/hexaminate/Android/Sdk/ndk/24.0.8215888/toolchains/llvm/prebuilt/linux-x86_64/bin
 (in-process)
 "/home/hexaminate/Android/Sdk/ndk/24.0.8215888/toolchains/llvm/prebuilt/linux-x86_64/bin/clang++" -cc1 -triple aarch64-none-linux-android21 -emit-obj --mrelax-relocations -mnoexecstack -disable-free -disable-llvm-verifier -discard-value-names -main-file-name CMakeCXXCompilerABI.cpp -mrelocation-model pic -pic-level 2 -pic-is-pie -mframe-pointer=non-leaf -fno-rounding-math -mconstructor-aliases -munwind-tables -target-cpu generic -target-feature +neon -target-abi aapcs -mllvm -aarch64-fix-cortex-a53-835769=1 -fallow-half-arguments-and-returns -debug-info-kind=constructor -dwarf-version=4 -debugger-tuning=gdb -v -ffunction-sections -fdata-sections -fcoverage-compilation-dir=/home/hexaminate/Documents/HEXAMINATE/library/telegram_client/tdlib/android/tddroid/build-folder/build-arm64-v8a/CMakeFiles/CMakeTmp -resource-dir /home/hexaminate/Android/Sdk/ndk/24.0.8215888/toolchains/llvm/prebuilt/linux-x86_64/lib64/clang/14.0.1 -dependency-file CMakeFiles/cmTC_a3269.dir/CMakeCXXCompilerABI.cpp.o.d -MT CMakeFiles/cmTC_a3269.dir/CMakeCXXCompilerABI.cpp.o -sys-header-deps -D ANDROID -D _FORTIFY_SOURCE=2 -D NDEBUG -isysroot /home/hexaminate/Android/Sdk/ndk/24.0.8215888/toolchains/llvm/prebuilt/linux-x86_64/sysroot -internal-isystem /home/hexaminate/Android/Sdk/ndk/24.0.8215888/toolchains/llvm/prebuilt/linux-x86_64/sysroot/usr/include/c++/v1 -internal-isystem /home/hexaminate/Android/Sdk/ndk/24.0.8215888/toolchains/llvm/prebuilt/linux-x86_64/lib64/clang/14.0.1/include -internal-isystem /home/hexaminate/Android/Sdk/ndk/24.0.8215888/toolchains/llvm/prebuilt/linux-x86_64/sysroot/usr/local/include -internal-externc-isystem /home/hexaminate/Android/Sdk/ndk/24.0.8215888/toolchains/llvm/prebuilt/linux-x86_64/sysroot/usr/include/aarch64-linux-android -internal-externc-isystem /home/hexaminate/Android/Sdk/ndk/24.0.8215888/toolchains/llvm/prebuilt/linux-x86_64/sysroot/include -internal-externc-isystem /home/hexaminate/Android/Sdk/ndk/24.0.8215888/toolchains/llvm/prebuilt/linux-x86_64/sysroot/usr/include -O2 -Wformat -fdeprecated-macro -fdebug-compilation-dir=/home/hexaminate/Documents/HEXAMINATE/library/telegram_client/tdlib/android/tddroid/build-folder/build-arm64-v8a/CMakeFiles/CMakeTmp -ferror-limit 19 -stack-protector 2 -fno-signed-char -fgnuc-version=4.2.1 -fcxx-exceptions -fexceptions -vectorize-loops -vectorize-slp -target-feature +outline-atomics -D__GCC_HAVE_DWARF2_CFI_ASM=1 -o CMakeFiles/cmTC_a3269.dir/CMakeCXXCompilerABI.cpp.o -x c++ /usr/share/cmake-3.22/Modules/CMakeCXXCompilerABI.cpp
clang -cc1 version 14.0.1 based upon LLVM 14.0.1git default target x86_64-unknown-linux-gnu
ignoring nonexistent directory "/home/hexaminate/Android/Sdk/ndk/24.0.8215888/toolchains/llvm/prebuilt/linux-x86_64/sysroot/include"
#include "..." search starts here:
#include <...> search starts here:
 /home/hexaminate/Android/Sdk/ndk/24.0.8215888/toolchains/llvm/prebuilt/linux-x86_64/sysroot/usr/include/c++/v1
 /home/hexaminate/Android/Sdk/ndk/24.0.8215888/toolchains/llvm/prebuilt/linux-x86_64/lib64/clang/14.0.1/include
 /home/hexaminate/Android/Sdk/ndk/24.0.8215888/toolchains/llvm/prebuilt/linux-x86_64/sysroot/usr/local/include
 /home/hexaminate/Android/Sdk/ndk/24.0.8215888/toolchains/llvm/prebuilt/linux-x86_64/sysroot/usr/include/aarch64-linux-android
 /home/hexaminate/Android/Sdk/ndk/24.0.8215888/toolchains/llvm/prebuilt/linux-x86_64/sysroot/usr/include
End of search list.
[2/2] Linking CXX executable cmTC_a3269
Android (8075178, based on r437112b) clang version 14.0.1 (https://android.googlesource.com/toolchain/llvm-project 8671348b81b95fc603505dfc881b45103bee1731)
Target: aarch64-none-linux-android21
Thread model: posix
InstalledDir: /home/hexaminate/Android/Sdk/ndk/24.0.8215888/toolchains/llvm/prebuilt/linux-x86_64/bin
 "/home/hexaminate/Android/Sdk/ndk/24.0.8215888/toolchains/llvm/prebuilt/linux-x86_64/bin/ld" --sysroot=/home/hexaminate/Android/Sdk/ndk/24.0.8215888/toolchains/llvm/prebuilt/linux-x86_64/sysroot -pie -z noexecstack -EL --fix-cortex-a53-843419 --warn-shared-textrel -z now -z relro -z max-page-size=4096 --hash-style=both --enable-new-dtags --eh-frame-hdr -m aarch64linux -dynamic-linker /system/bin/linker64 -o cmTC_a3269 /home/hexaminate/Android/Sdk/ndk/24.0.8215888/toolchains/llvm/prebuilt/linux-x86_64/sysroot/usr/lib/aarch64-linux-android/21/crtbegin_dynamic.o -L/home/hexaminate/Android/Sdk/ndk/24.0.8215888/toolchains/llvm/prebuilt/linux-x86_64/lib64/clang/14.0.1/lib/linux/aarch64 -L/home/hexaminate/Android/Sdk/ndk/24.0.8215888/toolchains/llvm/prebuilt/linux-x86_64/sysroot/usr/lib/aarch64-linux-android/21 -L/home/hexaminate/Android/Sdk/ndk/24.0.8215888/toolchains/llvm/prebuilt/linux-x86_64/sysroot/usr/lib/aarch64-linux-android -L/home/hexaminate/Android/Sdk/ndk/24.0.8215888/toolchains/llvm/prebuilt/linux-x86_64/sysroot/usr/lib --build-id=sha1 --no-rosegment --fatal-warnings --no-undefined --gc-sections CMakeFiles/cmTC_a3269.dir/CMakeCXXCompilerABI.cpp.o -latomic -lm -Bstatic -lc++ -Bdynamic -lm /home/hexaminate/Android/Sdk/ndk/24.0.8215888/toolchains/llvm/prebuilt/linux-x86_64/lib64/clang/14.0.1/lib/linux/libclang_rt.builtins-aarch64-android.a -l:libunwind.a -ldl -lc /home/hexaminate/Android/Sdk/ndk/24.0.8215888/toolchains/llvm/prebuilt/linux-x86_64/lib64/clang/14.0.1/lib/linux/libclang_rt.builtins-aarch64-android.a -l:libunwind.a -ldl /home/hexaminate/Android/Sdk/ndk/24.0.8215888/toolchains/llvm/prebuilt/linux-x86_64/sysroot/usr/lib/aarch64-linux-android/21/crtend_android.o



Parsed CXX implicit include dir info from above output: rv=done
  found start of include info
  found start of implicit include info
    add: [/home/hexaminate/Android/Sdk/ndk/24.0.8215888/toolchains/llvm/prebuilt/linux-x86_64/sysroot/usr/include/c++/v1]
    add: [/home/hexaminate/Android/Sdk/ndk/24.0.8215888/toolchains/llvm/prebuilt/linux-x86_64/lib64/clang/14.0.1/include]
    add: [/home/hexaminate/Android/Sdk/ndk/24.0.8215888/toolchains/llvm/prebuilt/linux-x86_64/sysroot/usr/local/include]
    add: [/home/hexaminate/Android/Sdk/ndk/24.0.8215888/toolchains/llvm/prebuilt/linux-x86_64/sysroot/usr/include/aarch64-linux-android]
    add: [/home/hexaminate/Android/Sdk/ndk/24.0.8215888/toolchains/llvm/prebuilt/linux-x86_64/sysroot/usr/include]
  end of search list found
  collapse include dir [/home/hexaminate/Android/Sdk/ndk/24.0.8215888/toolchains/llvm/prebuilt/linux-x86_64/sysroot/usr/include/c++/v1] ==> [/home/hexaminate/Android/Sdk/ndk/24.0.8215888/toolchains/llvm/prebuilt/linux-x86_64/sysroot/usr/include/c++/v1]
  collapse include dir [/home/hexaminate/Android/Sdk/ndk/24.0.8215888/toolchains/llvm/prebuilt/linux-x86_64/lib64/clang/14.0.1/include] ==> [/home/hexaminate/Android/Sdk/ndk/24.0.8215888/toolchains/llvm/prebuilt/linux-x86_64/lib64/clang/14.0.1/include]
  collapse include dir [/home/hexaminate/Android/Sdk/ndk/24.0.8215888/toolchains/llvm/prebuilt/linux-x86_64/sysroot/usr/local/include] ==> [/home/hexaminate/Android/Sdk/ndk/24.0.8215888/toolchains/llvm/prebuilt/linux-x86_64/sysroot/usr/local/include]
  collapse include dir [/home/hexaminate/Android/Sdk/ndk/24.0.8215888/toolchains/llvm/prebuilt/linux-x86_64/sysroot/usr/include/aarch64-linux-android] ==> [/home/hexaminate/Android/Sdk/ndk/24.0.8215888/toolchains/llvm/prebuilt/linux-x86_64/sysroot/usr/include/aarch64-linux-android]
  collapse include dir [/home/hexaminate/Android/Sdk/ndk/24.0.8215888/toolchains/llvm/prebuilt/linux-x86_64/sysroot/usr/include] ==> [/home/hexaminate/Android/Sdk/ndk/24.0.8215888/toolchains/llvm/prebuilt/linux-x86_64/sysroot/usr/include]
  implicit include dirs: [/home/hexaminate/Android/Sdk/ndk/24.0.8215888/toolchains/llvm/prebuilt/linux-x86_64/sysroot/usr/include/c++/v1;/home/hexaminate/Android/Sdk/ndk/24.0.8215888/toolchains/llvm/prebuilt/linux-x86_64/lib64/clang/14.0.1/include;/home/hexaminate/Android/Sdk/ndk/24.0.8215888/toolchains/llvm/prebuilt/linux-x86_64/sysroot/usr/local/include;/home/hexaminate/Android/Sdk/ndk/24.0.8215888/toolchains/llvm/prebuilt/linux-x86_64/sysroot/usr/include/aarch64-linux-android;/home/hexaminate/Android/Sdk/ndk/24.0.8215888/toolchains/llvm/prebuilt/linux-x86_64/sysroot/usr/include]


Parsed CXX implicit link information from above output:
  link line regex: [^( *|.*[/\])(ld\.lld|CMAKE_LINK_STARTFILE-NOTFOUND|([^/\]+-)?ld|collect2)[^/\]*( |$)]
  ignore line: [Change Dir: /home/hexaminate/Documents/HEXAMINATE/library/telegram_client/tdlib/android/tddroid/build-folder/build-arm64-v8a/CMakeFiles/CMakeTmp]
  ignore line: []
  ignore line: [Run Build Command(s):/usr/bin/ninja cmTC_a3269 && [1/2] Building CXX object CMakeFiles/cmTC_a3269.dir/CMakeCXXCompilerABI.cpp.o]
  ignore line: [Android (8075178  based on r437112b) clang version 14.0.1 (https://android.googlesource.com/toolchain/llvm-project 8671348b81b95fc603505dfc881b45103bee1731)]
  ignore line: [Target: aarch64-none-linux-android21]
  ignore line: [Thread model: posix]
  ignore line: [InstalledDir: /home/hexaminate/Android/Sdk/ndk/24.0.8215888/toolchains/llvm/prebuilt/linux-x86_64/bin]
  ignore line: [ (in-process)]
  ignore line: [ "/home/hexaminate/Android/Sdk/ndk/24.0.8215888/toolchains/llvm/prebuilt/linux-x86_64/bin/clang++" -cc1 -triple aarch64-none-linux-android21 -emit-obj --mrelax-relocations -mnoexecstack -disable-free -disable-llvm-verifier -discard-value-names -main-file-name CMakeCXXCompilerABI.cpp -mrelocation-model pic -pic-level 2 -pic-is-pie -mframe-pointer=non-leaf -fno-rounding-math -mconstructor-aliases -munwind-tables -target-cpu generic -target-feature +neon -target-abi aapcs -mllvm -aarch64-fix-cortex-a53-835769=1 -fallow-half-arguments-and-returns -debug-info-kind=constructor -dwarf-version=4 -debugger-tuning=gdb -v -ffunction-sections -fdata-sections -fcoverage-compilation-dir=/home/hexaminate/Documents/HEXAMINATE/library/telegram_client/tdlib/android/tddroid/build-folder/build-arm64-v8a/CMakeFiles/CMakeTmp -resource-dir /home/hexaminate/Android/Sdk/ndk/24.0.8215888/toolchains/llvm/prebuilt/linux-x86_64/lib64/clang/14.0.1 -dependency-file CMakeFiles/cmTC_a3269.dir/CMakeCXXCompilerABI.cpp.o.d -MT CMakeFiles/cmTC_a3269.dir/CMakeCXXCompilerABI.cpp.o -sys-header-deps -D ANDROID -D _FORTIFY_SOURCE=2 -D NDEBUG -isysroot /home/hexaminate/Android/Sdk/ndk/24.0.8215888/toolchains/llvm/prebuilt/linux-x86_64/sysroot -internal-isystem /home/hexaminate/Android/Sdk/ndk/24.0.8215888/toolchains/llvm/prebuilt/linux-x86_64/sysroot/usr/include/c++/v1 -internal-isystem /home/hexaminate/Android/Sdk/ndk/24.0.8215888/toolchains/llvm/prebuilt/linux-x86_64/lib64/clang/14.0.1/include -internal-isystem /home/hexaminate/Android/Sdk/ndk/24.0.8215888/toolchains/llvm/prebuilt/linux-x86_64/sysroot/usr/local/include -internal-externc-isystem /home/hexaminate/Android/Sdk/ndk/24.0.8215888/toolchains/llvm/prebuilt/linux-x86_64/sysroot/usr/include/aarch64-linux-android -internal-externc-isystem /home/hexaminate/Android/Sdk/ndk/24.0.8215888/toolchains/llvm/prebuilt/linux-x86_64/sysroot/include -internal-externc-isystem /home/hexaminate/Android/Sdk/ndk/24.0.8215888/toolchains/llvm/prebuilt/linux-x86_64/sysroot/usr/include -O2 -Wformat -fdeprecated-macro -fdebug-compilation-dir=/home/hexaminate/Documents/HEXAMINATE/library/telegram_client/tdlib/android/tddroid/build-folder/build-arm64-v8a/CMakeFiles/CMakeTmp -ferror-limit 19 -stack-protector 2 -fno-signed-char -fgnuc-version=4.2.1 -fcxx-exceptions -fexceptions -vectorize-loops -vectorize-slp -target-feature +outline-atomics -D__GCC_HAVE_DWARF2_CFI_ASM=1 -o CMakeFiles/cmTC_a3269.dir/CMakeCXXCompilerABI.cpp.o -x c++ /usr/share/cmake-3.22/Modules/CMakeCXXCompilerABI.cpp]
  ignore line: [clang -cc1 version 14.0.1 based upon LLVM 14.0.1git default target x86_64-unknown-linux-gnu]
  ignore line: [ignoring nonexistent directory "/home/hexaminate/Android/Sdk/ndk/24.0.8215888/toolchains/llvm/prebuilt/linux-x86_64/sysroot/include"]
  ignore line: [#include "..." search starts here:]
  ignore line: [#include <...> search starts here:]
  ignore line: [ /home/hexaminate/Android/Sdk/ndk/24.0.8215888/toolchains/llvm/prebuilt/linux-x86_64/sysroot/usr/include/c++/v1]
  ignore line: [ /home/hexaminate/Android/Sdk/ndk/24.0.8215888/toolchains/llvm/prebuilt/linux-x86_64/lib64/clang/14.0.1/include]
  ignore line: [ /home/hexaminate/Android/Sdk/ndk/24.0.8215888/toolchains/llvm/prebuilt/linux-x86_64/sysroot/usr/local/include]
  ignore line: [ /home/hexaminate/Android/Sdk/ndk/24.0.8215888/toolchains/llvm/prebuilt/linux-x86_64/sysroot/usr/include/aarch64-linux-android]
  ignore line: [ /home/hexaminate/Android/Sdk/ndk/24.0.8215888/toolchains/llvm/prebuilt/linux-x86_64/sysroot/usr/include]
  ignore line: [End of search list.]
  ignore line: [[2/2] Linking CXX executable cmTC_a3269]
  ignore line: [Android (8075178  based on r437112b) clang version 14.0.1 (https://android.googlesource.com/toolchain/llvm-project 8671348b81b95fc603505dfc881b45103bee1731)]
  ignore line: [Target: aarch64-none-linux-android21]
  ignore line: [Thread model: posix]
  ignore line: [InstalledDir: /home/hexaminate/Android/Sdk/ndk/24.0.8215888/toolchains/llvm/prebuilt/linux-x86_64/bin]
  link line: [ "/home/hexaminate/Android/Sdk/ndk/24.0.8215888/toolchains/llvm/prebuilt/linux-x86_64/bin/ld" --sysroot=/home/hexaminate/Android/Sdk/ndk/24.0.8215888/toolchains/llvm/prebuilt/linux-x86_64/sysroot -pie -z noexecstack -EL --fix-cortex-a53-843419 --warn-shared-textrel -z now -z relro -z max-page-size=4096 --hash-style=both --enable-new-dtags --eh-frame-hdr -m aarch64linux -dynamic-linker /system/bin/linker64 -o cmTC_a3269 /home/hexaminate/Android/Sdk/ndk/24.0.8215888/toolchains/llvm/prebuilt/linux-x86_64/sysroot/usr/lib/aarch64-linux-android/21/crtbegin_dynamic.o -L/home/hexaminate/Android/Sdk/ndk/24.0.8215888/toolchains/llvm/prebuilt/linux-x86_64/lib64/clang/14.0.1/lib/linux/aarch64 -L/home/hexaminate/Android/Sdk/ndk/24.0.8215888/toolchains/llvm/prebuilt/linux-x86_64/sysroot/usr/lib/aarch64-linux-android/21 -L/home/hexaminate/Android/Sdk/ndk/24.0.8215888/toolchains/llvm/prebuilt/linux-x86_64/sysroot/usr/lib/aarch64-linux-android -L/home/hexaminate/Android/Sdk/ndk/24.0.8215888/toolchains/llvm/prebuilt/linux-x86_64/sysroot/usr/lib --build-id=sha1 --no-rosegment --fatal-warnings --no-undefined --gc-sections CMakeFiles/cmTC_a3269.dir/CMakeCXXCompilerABI.cpp.o -latomic -lm -Bstatic -lc++ -Bdynamic -lm /home/hexaminate/Android/Sdk/ndk/24.0.8215888/toolchains/llvm/prebuilt/linux-x86_64/lib64/clang/14.0.1/lib/linux/libclang_rt.builtins-aarch64-android.a -l:libunwind.a -ldl -lc /home/hexaminate/Android/Sdk/ndk/24.0.8215888/toolchains/llvm/prebuilt/linux-x86_64/lib64/clang/14.0.1/lib/linux/libclang_rt.builtins-aarch64-android.a -l:libunwind.a -ldl /home/hexaminate/Android/Sdk/ndk/24.0.8215888/toolchains/llvm/prebuilt/linux-x86_64/sysroot/usr/lib/aarch64-linux-android/21/crtend_android.o]
    arg [/home/hexaminate/Android/Sdk/ndk/24.0.8215888/toolchains/llvm/prebuilt/linux-x86_64/bin/ld] ==> ignore
    arg [--sysroot=/home/hexaminate/Android/Sdk/ndk/24.0.8215888/toolchains/llvm/prebuilt/linux-x86_64/sysroot] ==> ignore
    arg [-pie] ==> ignore
    arg [-znoexecstack] ==> ignore
    arg [-EL] ==> ignore
    arg [--fix-cortex-a53-843419] ==> ignore
    arg [--warn-shared-textrel] ==> ignore
    arg [-znow] ==> ignore
    arg [-zrelro] ==> ignore
    arg [-zmax-page-size=4096] ==> ignore
    arg [--hash-style=both] ==> ignore
    arg [--enable-new-dtags] ==> ignore
    arg [--eh-frame-hdr] ==> ignore
    arg [-m] ==> ignore
    arg [aarch64linux] ==> ignore
    arg [-dynamic-linker] ==> ignore
    arg [/system/bin/linker64] ==> ignore
    arg [-o] ==> ignore
    arg [cmTC_a3269] ==> ignore
    arg [/home/hexaminate/Android/Sdk/ndk/24.0.8215888/toolchains/llvm/prebuilt/linux-x86_64/sysroot/usr/lib/aarch64-linux-android/21/crtbegin_dynamic.o] ==> obj [/home/hexaminate/Android/Sdk/ndk/24.0.8215888/toolchains/llvm/prebuilt/linux-x86_64/sysroot/usr/lib/aarch64-linux-android/21/crtbegin_dynamic.o]
    arg [-L/home/hexaminate/Android/Sdk/ndk/24.0.8215888/toolchains/llvm/prebuilt/linux-x86_64/lib64/clang/14.0.1/lib/linux/aarch64] ==> dir [/home/hexaminate/Android/Sdk/ndk/24.0.8215888/toolchains/llvm/prebuilt/linux-x86_64/lib64/clang/14.0.1/lib/linux/aarch64]
    arg [-L/home/hexaminate/Android/Sdk/ndk/24.0.8215888/toolchains/llvm/prebuilt/linux-x86_64/sysroot/usr/lib/aarch64-linux-android/21] ==> dir [/home/hexaminate/Android/Sdk/ndk/24.0.8215888/toolchains/llvm/prebuilt/linux-x86_64/sysroot/usr/lib/aarch64-linux-android/21]
    arg [-L/home/hexaminate/Android/Sdk/ndk/24.0.8215888/toolchains/llvm/prebuilt/linux-x86_64/sysroot/usr/lib/aarch64-linux-android] ==> dir [/home/hexaminate/Android/Sdk/ndk/24.0.8215888/toolchains/llvm/prebuilt/linux-x86_64/sysroot/usr/lib/aarch64-linux-android]
    arg [-L/home/hexaminate/Android/Sdk/ndk/24.0.8215888/toolchains/llvm/prebuilt/linux-x86_64/sysroot/usr/lib] ==> dir [/home/hexaminate/Android/Sdk/ndk/24.0.8215888/toolchains/llvm/prebuilt/linux-x86_64/sysroot/usr/lib]
    arg [--build-id=sha1] ==> ignore
    arg [--no-rosegment] ==> ignore
    arg [--fatal-warnings] ==> ignore
    arg [--no-undefined] ==> ignore
    arg [--gc-sections] ==> ignore
    arg [CMakeFiles/cmTC_a3269.dir/CMakeCXXCompilerABI.cpp.o] ==> ignore
    arg [-latomic] ==> lib [atomic]
    arg [-lm] ==> lib [m]
    arg [-Bstatic] ==> search static
    arg [-lc++] ==> lib [c++]
    arg [-Bdynamic] ==> search dynamic
    arg [-lm] ==> lib [m]
    arg [/home/hexaminate/Android/Sdk/ndk/24.0.8215888/toolchains/llvm/prebuilt/linux-x86_64/lib64/clang/14.0.1/lib/linux/libclang_rt.builtins-aarch64-android.a] ==> lib [/home/hexaminate/Android/Sdk/ndk/24.0.8215888/toolchains/llvm/prebuilt/linux-x86_64/lib64/clang/14.0.1/lib/linux/libclang_rt.builtins-aarch64-android.a]
    arg [-l:libunwind.a] ==> lib [-l:libunwind.a]
    arg [-ldl] ==> lib [dl]
    arg [-lc] ==> lib [c]
    arg [/home/hexaminate/Android/Sdk/ndk/24.0.8215888/toolchains/llvm/prebuilt/linux-x86_64/lib64/clang/14.0.1/lib/linux/libclang_rt.builtins-aarch64-android.a] ==> lib [/home/hexaminate/Android/Sdk/ndk/24.0.8215888/toolchains/llvm/prebuilt/linux-x86_64/lib64/clang/14.0.1/lib/linux/libclang_rt.builtins-aarch64-android.a]
    arg [-l:libunwind.a] ==> lib [-l:libunwind.a]
    arg [-ldl] ==> lib [dl]
    arg [/home/hexaminate/Android/Sdk/ndk/24.0.8215888/toolchains/llvm/prebuilt/linux-x86_64/sysroot/usr/lib/aarch64-linux-android/21/crtend_android.o] ==> obj [/home/hexaminate/Android/Sdk/ndk/24.0.8215888/toolchains/llvm/prebuilt/linux-x86_64/sysroot/usr/lib/aarch64-linux-android/21/crtend_android.o]
  remove lib [/home/hexaminate/Android/Sdk/ndk/24.0.8215888/toolchains/llvm/prebuilt/linux-x86_64/lib64/clang/14.0.1/lib/linux/libclang_rt.builtins-aarch64-android.a]
  remove lib [/home/hexaminate/Android/Sdk/ndk/24.0.8215888/toolchains/llvm/prebuilt/linux-x86_64/lib64/clang/14.0.1/lib/linux/libclang_rt.builtins-aarch64-android.a]
  collapse library dir [/home/hexaminate/Android/Sdk/ndk/24.0.8215888/toolchains/llvm/prebuilt/linux-x86_64/lib64/clang/14.0.1/lib/linux/aarch64] ==> [/home/hexaminate/Android/Sdk/ndk/24.0.8215888/toolchains/llvm/prebuilt/linux-x86_64/lib64/clang/14.0.1/lib/linux/aarch64]
  collapse library dir [/home/hexaminate/Android/Sdk/ndk/24.0.8215888/toolchains/llvm/prebuilt/linux-x86_64/sysroot/usr/lib/aarch64-linux-android/21] ==> [/home/hexaminate/Android/Sdk/ndk/24.0.8215888/toolchains/llvm/prebuilt/linux-x86_64/sysroot/usr/lib/aarch64-linux-android/21]
  collapse library dir [/home/hexaminate/Android/Sdk/ndk/24.0.8215888/toolchains/llvm/prebuilt/linux-x86_64/sysroot/usr/lib/aarch64-linux-android] ==> [/home/hexaminate/Android/Sdk/ndk/24.0.8215888/toolchains/llvm/prebuilt/linux-x86_64/sysroot/usr/lib/aarch64-linux-android]
  collapse library dir [/home/hexaminate/Android/Sdk/ndk/24.0.8215888/toolchains/llvm/prebuilt/linux-x86_64/sysroot/usr/lib] ==> [/home/hexaminate/Android/Sdk/ndk/24.0.8215888/toolchains/llvm/prebuilt/linux-x86_64/sysroot/usr/lib]
  implicit libs: [atomic;m;c++;m;-l:libunwind.a;dl;c;-l:libunwind.a;dl]
  implicit objs: [/home/hexaminate/Android/Sdk/ndk/24.0.8215888/toolchains/llvm/prebuilt/linux-x86_64/sysroot/usr/lib/aarch64-linux-android/21/crtbegin_dynamic.o;/home/hexaminate/Android/Sdk/ndk/24.0.8215888/toolchains/llvm/prebuilt/linux-x86_64/sysroot/usr/lib/aarch64-linux-android/21/crtend_android.o]
  implicit dirs: [/home/hexaminate/Android/Sdk/ndk/24.0.8215888/toolchains/llvm/prebuilt/linux-x86_64/lib64/clang/14.0.1/lib/linux/aarch64;/home/hexaminate/Android/Sdk/ndk/24.0.8215888/toolchains/llvm/prebuilt/linux-x86_64/sysroot/usr/lib/aarch64-linux-android/21;/home/hexaminate/Android/Sdk/ndk/24.0.8215888/toolchains/llvm/prebuilt/linux-x86_64/sysroot/usr/lib/aarch64-linux-android;/home/hexaminate/Android/Sdk/ndk/24.0.8215888/toolchains/llvm/prebuilt/linux-x86_64/sysroot/usr/lib]
  implicit fwks: []


Determining if the include file pthread.h exists passed with the following output:
Change Dir: /home/hexaminate/Documents/HEXAMINATE/library/telegram_client/tdlib/android/tddroid/build-folder/build-arm64-v8a/CMakeFiles/CMakeTmp

Run Build Command(s):/usr/bin/ninja cmTC_bcf4e && [1/2] Building C object CMakeFiles/cmTC_bcf4e.dir/CheckIncludeFile.c.o
[2/2] Linking C executable cmTC_bcf4e



Performing C++ SOURCE FILE Test HAVE_STD14 succeeded with the following output:
Change Dir: /home/hexaminate/Documents/HEXAMINATE/library/telegram_client/tdlib/android/tddroid/build-folder/build-arm64-v8a/CMakeFiles/CMakeTmp

Run Build Command(s):/usr/bin/ninja cmTC_0782e && [1/2] Building CXX object CMakeFiles/cmTC_0782e.dir/src.cxx.o
[2/2] Linking CXX executable cmTC_0782e


Source file was:
int main() { return 0; }
Performing C++ SOURCE FILE Test HAVE_CXX_FLAG_WALL succeeded with the following output:
Change Dir: /home/hexaminate/Documents/HEXAMINATE/library/telegram_client/tdlib/android/tddroid/build-folder/build-arm64-v8a/CMakeFiles/CMakeTmp

Run Build Command(s):/usr/bin/ninja cmTC_41e14 && [1/2] Building CXX object CMakeFiles/cmTC_41e14.dir/src.cxx.o
[2/2] Linking CXX executable cmTC_41e14


Source file was:
int main() { return 0; }
Performing C++ SOURCE FILE Test HAVE_CXX_FLAG_WEXTRA succeeded with the following output:
Change Dir: /home/hexaminate/Documents/HEXAMINATE/library/telegram_client/tdlib/android/tddroid/build-folder/build-arm64-v8a/CMakeFiles/CMakeTmp

Run Build Command(s):/usr/bin/ninja cmTC_ffe22 && [1/2] Building CXX object CMakeFiles/cmTC_ffe22.dir/src.cxx.o
[2/2] Linking CXX executable cmTC_ffe22


Source file was:
int main() { return 0; }
Performing C++ SOURCE FILE Test HAVE_CXX_FLAG_WPOINTER_ARITH succeeded with the following output:
Change Dir: /home/hexaminate/Documents/HEXAMINATE/library/telegram_client/tdlib/android/tddroid/build-folder/build-arm64-v8a/CMakeFiles/CMakeTmp

Run Build Command(s):/usr/bin/ninja cmTC_b875e && [1/2] Building CXX object CMakeFiles/cmTC_b875e.dir/src.cxx.o
[2/2] Linking CXX executable cmTC_b875e


Source file was:
int main() { return 0; }
Performing C++ SOURCE FILE Test HAVE_CXX_FLAG_WCAST_QUAL succeeded with the following output:
Change Dir: /home/hexaminate/Documents/HEXAMINATE/library/telegram_client/tdlib/android/tddroid/build-folder/build-arm64-v8a/CMakeFiles/CMakeTmp

Run Build Command(s):/usr/bin/ninja cmTC_f533f && [1/2] Building CXX object CMakeFiles/cmTC_f533f.dir/src.cxx.o
[2/2] Linking CXX executable cmTC_f533f


Source file was:
int main() { return 0; }
Performing C++ SOURCE FILE Test HAVE_CXX_FLAG_WSIGN_COMPARE succeeded with the following output:
Change Dir: /home/hexaminate/Documents/HEXAMINATE/library/telegram_client/tdlib/android/tddroid/build-folder/build-arm64-v8a/CMakeFiles/CMakeTmp

Run Build Command(s):/usr/bin/ninja cmTC_cd186 && [1/2] Building CXX object CMakeFiles/cmTC_cd186.dir/src.cxx.o
[2/2] Linking CXX executable cmTC_cd186


Source file was:
int main() { return 0; }
Performing C++ SOURCE FILE Test HAVE_CXX_FLAG_WTAUTOLOGICAL_COMPARE succeeded with the following output:
Change Dir: /home/hexaminate/Documents/HEXAMINATE/library/telegram_client/tdlib/android/tddroid/build-folder/build-arm64-v8a/CMakeFiles/CMakeTmp

Run Build Command(s):/usr/bin/ninja cmTC_d363c && [1/2] Building CXX object CMakeFiles/cmTC_d363c.dir/src.cxx.o
[2/2] Linking CXX executable cmTC_d363c


Source file was:
int main() { return 0; }
Performing C++ SOURCE FILE Test HAVE_CXX_FLAG_WVLA succeeded with the following output:
Change Dir: /home/hexaminate/Documents/HEXAMINATE/library/telegram_client/tdlib/android/tddroid/build-folder/build-arm64-v8a/CMakeFiles/CMakeTmp

Run Build Command(s):/usr/bin/ninja cmTC_8220d && [1/2] Building CXX object CMakeFiles/cmTC_8220d.dir/src.cxx.o
[2/2] Linking CXX executable cmTC_8220d


Source file was:
int main() { return 0; }
Performing C++ SOURCE FILE Test HAVE_CXX_FLAG_WNON_VIRTUAL_DTOR succeeded with the following output:
Change Dir: /home/hexaminate/Documents/HEXAMINATE/library/telegram_client/tdlib/android/tddroid/build-folder/build-arm64-v8a/CMakeFiles/CMakeTmp

Run Build Command(s):/usr/bin/ninja cmTC_e5e96 && [1/2] Building CXX object CMakeFiles/cmTC_e5e96.dir/src.cxx.o
[2/2] Linking CXX executable cmTC_e5e96


Source file was:
int main() { return 0; }
Performing C++ SOURCE FILE Test HAVE_CXX_FLAG_WUNUSED_PARAMETER succeeded with the following output:
Change Dir: /home/hexaminate/Documents/HEXAMINATE/library/telegram_client/tdlib/android/tddroid/build-folder/build-arm64-v8a/CMakeFiles/CMakeTmp

Run Build Command(s):/usr/bin/ninja cmTC_05ac0 && [1/2] Building CXX object CMakeFiles/cmTC_05ac0.dir/src.cxx.o
[2/2] Linking CXX executable cmTC_05ac0


Source file was:
int main() { return 0; }
Performing C++ SOURCE FILE Test HAVE_CXX_FLAG_WCONVERSION succeeded with the following output:
Change Dir: /home/hexaminate/Documents/HEXAMINATE/library/telegram_client/tdlib/android/tddroid/build-folder/build-arm64-v8a/CMakeFiles/CMakeTmp

Run Build Command(s):/usr/bin/ninja cmTC_bac07 && [1/2] Building CXX object CMakeFiles/cmTC_bac07.dir/src.cxx.o
[2/2] Linking CXX executable cmTC_bac07


Source file was:
int main() { return 0; }
Performing C++ SOURCE FILE Test HAVE_CXX_FLAG_WSIGN_CONVERSION succeeded with the following output:
Change Dir: /home/hexaminate/Documents/HEXAMINATE/library/telegram_client/tdlib/android/tddroid/build-folder/build-arm64-v8a/CMakeFiles/CMakeTmp

Run Build Command(s):/usr/bin/ninja cmTC_671a8 && [1/2] Building CXX object CMakeFiles/cmTC_671a8.dir/src.cxx.o
[2/2] Linking CXX executable cmTC_671a8


Source file was:
int main() { return 0; }
Performing C++ SOURCE FILE Test HAVE_CXX_FLAG_WCXX14_COMPAT_PEDANTIC succeeded with the following output:
Change Dir: /home/hexaminate/Documents/HEXAMINATE/library/telegram_client/tdlib/android/tddroid/build-folder/build-arm64-v8a/CMakeFiles/CMakeTmp

Run Build Command(s):/usr/bin/ninja cmTC_a8506 && [1/2] Building CXX object CMakeFiles/cmTC_a8506.dir/src.cxx.o
[2/2] Linking CXX executable cmTC_a8506


Source file was:
int main() { return 0; }
Performing C++ SOURCE FILE Test HAVE_CXX_FLAG_WDEPRECATED succeeded with the following output:
Change Dir: /home/hexaminate/Documents/HEXAMINATE/library/telegram_client/tdlib/android/tddroid/build-folder/build-arm64-v8a/CMakeFiles/CMakeTmp

Run Build Command(s):/usr/bin/ninja cmTC_31710 && [1/2] Building CXX object CMakeFiles/cmTC_31710.dir/src.cxx.o
[2/2] Linking CXX executable cmTC_31710


Source file was:
int main() { return 0; }
Performing C++ SOURCE FILE Test HAVE_CXX_FLAG_WUNUSED_COMMAND_LINE_ARGUMENT succeeded with the following output:
Change Dir: /home/hexaminate/Documents/HEXAMINATE/library/telegram_client/tdlib/android/tddroid/build-folder/build-arm64-v8a/CMakeFiles/CMakeTmp

Run Build Command(s):/usr/bin/ninja cmTC_4d987 && [1/2] Building CXX object CMakeFiles/cmTC_4d987.dir/src.cxx.o
[2/2] Linking CXX executable cmTC_4d987


Source file was:
int main() { return 0; }
Performing C++ SOURCE FILE Test HAVE_CXX_FLAG_QUNUSED_ARGUMENTS succeeded with the following output:
Change Dir: /home/hexaminate/Documents/HEXAMINATE/library/telegram_client/tdlib/android/tddroid/build-folder/build-arm64-v8a/CMakeFiles/CMakeTmp

Run Build Command(s):/usr/bin/ninja cmTC_2077d && [1/2] Building CXX object CMakeFiles/cmTC_2077d.dir/src.cxx.o
[2/2] Linking CXX executable cmTC_2077d


Source file was:
int main() { return 0; }
Performing C++ SOURCE FILE Test HAVE_CXX_FLAG_WODR succeeded with the following output:
Change Dir: /home/hexaminate/Documents/HEXAMINATE/library/telegram_client/tdlib/android/tddroid/build-folder/build-arm64-v8a/CMakeFiles/CMakeTmp

Run Build Command(s):/usr/bin/ninja cmTC_eaeba && [1/2] Building CXX object CMakeFiles/cmTC_eaeba.dir/src.cxx.o
[2/2] Linking CXX executable cmTC_eaeba


Source file was:
int main() { return 0; }
Performing C++ SOURCE FILE Test COMPILER_HAS_HIDDEN_VISIBILITY succeeded with the following output:
Change Dir: /home/hexaminate/Documents/HEXAMINATE/library/telegram_client/tdlib/android/tddroid/build-folder/build-arm64-v8a/CMakeFiles/CMakeTmp

Run Build Command(s):/usr/bin/ninja cmTC_1c026 && [1/2] Building CXX object CMakeFiles/cmTC_1c026.dir/src.cxx.o
[2/2] Linking CXX executable cmTC_1c026


Source file was:
int main() { return 0; }
Performing C++ SOURCE FILE Test COMPILER_HAS_HIDDEN_INLINE_VISIBILITY succeeded with the following output:
Change Dir: /home/hexaminate/Documents/HEXAMINATE/library/telegram_client/tdlib/android/tddroid/build-folder/build-arm64-v8a/CMakeFiles/CMakeTmp

Run Build Command(s):/usr/bin/ninja cmTC_39b21 && [1/2] Building CXX object CMakeFiles/cmTC_39b21.dir/src.cxx.o
[2/2] Linking CXX executable cmTC_39b21


Source file was:
int main() { return 0; }
Performing C++ SOURCE FILE Test COMPILER_HAS_DEPRECATED_ATTR succeeded with the following output:
Change Dir: /home/hexaminate/Documents/HEXAMINATE/library/telegram_client/tdlib/android/tddroid/build-folder/build-arm64-v8a/CMakeFiles/CMakeTmp

Run Build Command(s):/usr/bin/ninja cmTC_95c69 && [1/2] Building CXX object CMakeFiles/cmTC_95c69.dir/src.cxx.o
/home/hexaminate/Documents/HEXAMINATE/library/telegram_client/tdlib/android/tddroid/build-folder/build-arm64-v8a/CMakeFiles/CMakeTmp/src.cxx:2:25: warning: 'somefunc' is deprecated [-Wdeprecated-declarations]
    int main() { return somefunc();}
                        ^
/home/hexaminate/Documents/HEXAMINATE/library/telegram_client/tdlib/android/tddroid/build-folder/build-arm64-v8a/CMakeFiles/CMakeTmp/src.cxx:1:16: note: 'somefunc' has been explicitly marked deprecated here
__attribute__((__deprecated__)) int somefunc() { return 0; }
               ^
1 warning generated.
[2/2] Linking CXX executable cmTC_95c69


Source file was:
__attribute__((__deprecated__)) int somefunc() { return 0; }
    int main() { return somefunc();}
